<?xml version="1.0" encoding="UTF-8"?>
<!-- Generated by org.testng.reporters.JUnitXMLReporter -->
<testsuite ignored="0" hostname="JOBITO" failures="0" tests="8" name="Default test" time="0.232" errors="0" timestamp="2025-07-07T08:59:00 IST">
  <testcase classname="testNgDemo.TestNGDemoClass" name="e" time="0.018"/>
  <testcase classname="testNgDemo.TestNGDemoClass" name="f" time="0.004"/>
  <testcase classname="testNgDemo.TestNGDemoClass" name="ff" time="0.002"/>
  <testcase classname="testNgDemo.TestNGDemoClass" name="loginTest" time="0.005"/>
  <testcase classname="testNgDemo.TestNGDemoClass" name="loginTest" time="0.004"/>
  <testcase classname="testNgDemo.TestNGDemoClass" name="loginTest" time="0.003"/>
  <testcase classname="testNgDemo.TestNGDemoClass" name="loginTest" time="0.003"/>
  <testcase classname="testNgDemo.TestNGDemoClass" name="loginTest" time="0.002"/>
</testsuite> <!-- Default test -->
