<?xml version="1.0" encoding="UTF-8"?>
<!-- Generated by org.testng.reporters.JUnitXMLReporter -->
<testsuite ignored="2" hostname="JOBITO" failures="3" tests="5" name="Test" time="0.113" errors="0" timestamp="2025-07-07T08:28:14 IST">
  <testcase classname="testNgDemo.TestNGDemoClass" name="a" time="0.022"/>
  <testcase classname="testNgDemo.TestNGDemoClass" name="b" time="0.013">
    <failure type="java.lang.AssertionError" message="expected [true] but found [false]">
      <![CDATA[java.lang.AssertionError: expected [true] but found [false]
at testNgDemo.TestNGDemoClass.b(TestNGDemoClass.java:34)
at java.base/java.util.ArrayList.forEach(ArrayList.java:1511)
... Removed 29 stack frames]]>
    </failure>
  </testcase> <!-- b -->
  <testcase classname="testNgDemo.TestNGDemoClass" name="bb" time="0.002">
    <failure type="java.lang.AssertionError" message="expected [true] but found [false]">
      <![CDATA[java.lang.AssertionError: expected [true] but found [false]
at testNgDemo.TestNGDemoClass.bb(TestNGDemoClass.java:15)
at java.base/java.util.ArrayList.forEach(ArrayList.java:1511)
... Removed 29 stack frames]]>
    </failure>
  </testcase> <!-- bb -->
  <testcase classname="testNgDemo.TestNGDemoClass" name="e" time="0.001"/>
  <testcase classname="testNgDemo.TestNGDemoClass" name="ee" time="0.001">
    <failure type="java.lang.AssertionError" message="expected [true] but found [false]">
      <![CDATA[java.lang.AssertionError: expected [true] but found [false]
at testNgDemo.TestNGDemoClass.ee(TestNGDemoClass.java:45)
at java.base/java.util.ArrayList.forEach(ArrayList.java:1511)
... Removed 29 stack frames]]>
    </failure>
  </testcase> <!-- ee -->
  <testcase classname="testNgDemo.TestNGDemoClass" name="c" time="0.0">
    <ignored/>
  </testcase> <!-- c -->
  <testcase classname="testNgDemo.TestNGDemoClass" name="d" time="0.0">
    <ignored/>
  </testcase> <!-- d -->
</testsuite> <!-- Test -->
